================================================================================
REALISTIC CATTLE FEEDING DATA SIMULATION — 3 COWS / 7 DAYS
================================================================================

📋 CONFIGURATION:
   Start Date: 2025-10-28 (UTC)
   Days: 7
   Seed: 42
   MongoDB: mongodb://localhost:27017 / capstone_d06
   Write: Yes

🐄 COWS:
   COW_A (8H13CJ7) - Sensor 1
   COW_B (7F41TR2) - Sensor 2
   COW_C (9K22PQ9) - Sensor 3

📅 SCHEDULE:
   Morning: 08:00 (±2 min)
   Afternoon: 14:00 (±2 min)
   Normal duration: 50-70 min
   Feed per meal: 6.5-7.5 kg

⚠️  GROUND-TRUTH HEALTH SCHEDULE:
   COW_A (8H13CJ7): short_feed on days 3-5 (sick)
   COW_B (7F41TR2): no_show on day 4 (sick)
   COW_C (9K22PQ9): idle_near_feeder/sensor_noise (healthy)

🔗 MONGODB:
   ✓ Connected to capstone_d06

🧹 CLEARING COLLECTIONS:
   ✓ Cleared sensor_data and metadata

⏳ GENERATING SIMULATION DATA:

   Day 1/7: 2025-10-28
      COW_A AM: normal               | consumed:  5.91 kg | duration:  53 min | sick: False
Traceback (most recent call last):
  File "/Users/flaviapualam/Documents/kuliah/sem7/capstone/Capstone-D06/cattle-streaming/backfill_realistic_v2.py", line 722, in <module>
    sys.exit(main())
  File "/Users/flaviapualam/Documents/kuliah/sem7/capstone/Capstone-D06/cattle-streaming/backfill_realistic_v2.py", line 709, in main
    result = run_simulation(
  File "/Users/flaviapualam/Documents/kuliah/sem7/capstone/Capstone-D06/cattle-streaming/backfill_realistic_v2.py", line 537, in run_simulation
    if write_mongo and sensor_coll:
  File "/Users/flaviapualam/Library/Python/3.9/lib/python/site-packages/pymongo/synchronous/collection.py", line 311, in __bool__
    raise NotImplementedError(
NotImplementedError: Collection objects do not implement truth value testing or bool(). Please compare with None instead: collection is not None
